<?xml version="1.0" encoding="UTF-8"?>
<!-- Generated by org.testng.reporters.JUnitReportReporter -->
<testsuite hostname="LAPTOP-S5O1PRR3" failures="0" tests="1" name="com.csg.cucumber.runnerTest.RunnerTest" time="13.630" errors="1" timestamp="2020-08-10T00:30:11 IST" skipped="0">
  <testcase classname="com.csg.cucumber.runnerTest.RunnerTest" name="runScenario" time="13.630">
    <error type="java.lang.NullPointerException">
      <![CDATA[java.lang.NullPointerException
at com.csg.cucumber.generics.LaunchingURL.launchUrl(LaunchingURL.java:17)
at com.csg.cucumber.stepDefinition.CreateNewAccount_StepDef.user_has_launched_amazon(CreateNewAccount_StepDef.java:18)
at ✽.User has launched Amazon(file:///C:/Users/Indraja/IdeaProjects/ShoppingSite/src/test/resources/cucumber/Test.feature:4)
]]>
    </error>
  </testcase> <!-- runScenario -->
  <system-out/>
</testsuite> <!-- com.csg.cucumber.runnerTest.RunnerTest -->
