<?xml version="1.0" encoding="UTF-8"?>
<!-- Generated by org.testng.reporters.JUnitXMLReporter -->
<testsuite ignored="0" hostname="LAPTOP-S5O1PRR3" failures="1" tests="1" name="Command line test" time="13.89" errors="0" timestamp="2020-08-10T00:30:10 IST">
  <testcase classname="io.cucumber.testng.AbstractTestNGCucumberTests" name="runScenario" time="13.63">
    <failure type="java.lang.NullPointerException">
      <![CDATA[java.lang.NullPointerException
at com.csg.cucumber.generics.LaunchingURL.launchUrl(LaunchingURL.java:17)
at com.csg.cucumber.stepDefinition.CreateNewAccount_StepDef.user_has_launched_amazon(CreateNewAccount_StepDef.java:18)
at ✽.User has launched Amazon(file:///C:/Users/Indraja/IdeaProjects/ShoppingSite/src/test/resources/cucumber/Test.feature:4)
]]>
    </failure>
  </testcase> <!-- runScenario -->
</testsuite> <!-- Command line test -->
