<?xml version="1.0" encoding="UTF-8"?>
<testng-results ignored="0" total="1" passed="0" failed="1" skipped="0">
  <reporter-output>
  </reporter-output>
  <suite started-at="2020-08-10T00:29:56 IST" name="com.csg.cucumber.runnerTest.RunnerTest" finished-at="2020-08-10T00:30:10 IST" duration-ms="13890">
    <groups>
      <group name="cucumber">
        <method signature="AbstractTestNGCucumberTests.runScenario(io.cucumber.testng.PickleWrapper, io.cucumber.testng.FeatureWrapper)[pri:0, instance:com.csg.cucumber.runnerTest.RunnerTest@368f2016]" name="runScenario" class="io.cucumber.testng.AbstractTestNGCucumberTests"/>
      </group> <!-- cucumber -->
    </groups>
    <test started-at="2020-08-10T00:29:56 IST" name="Command line test" finished-at="2020-08-10T00:30:10 IST" duration-ms="13890">
      <class name="com.csg.cucumber.runnerTest.RunnerTest">
        <test-method is-config="true" signature="setUpClass()[pri:0, instance:com.csg.cucumber.runnerTest.RunnerTest@368f2016]" started-at="2020-08-10T00:29:56 IST" name="setUpClass" finished-at="2020-08-10T00:29:57 IST" duration-ms="229" status="PASS">
          <reporter-output>
          </reporter-output>
        </test-method> <!-- setUpClass -->
        <test-method signature="runScenario(io.cucumber.testng.PickleWrapper, io.cucumber.testng.FeatureWrapper)[pri:0, instance:com.csg.cucumber.runnerTest.RunnerTest@368f2016]" started-at="2020-08-10T00:29:57 IST" name="runScenario" description="Runs Cucumber Scenarios" data-provider="scenarios" finished-at="2020-08-10T00:30:10 IST" duration-ms="13630" status="FAIL">
          <params>
            <param index="0">
              <value>
                <![CDATA["New user should create a account to login to Amazon.in"]]>
              </value>
            </param>
            <param index="1">
              <value>
                <![CDATA["Optional[Create new customer account on Amazon.in]"]]>
              </value>
            </param>
          </params>
          <exception class="java.lang.NullPointerException">
            <full-stacktrace>
              <![CDATA[java.lang.NullPointerException
at com.csg.cucumber.generics.LaunchingURL.launchUrl(LaunchingURL.java:17)
at com.csg.cucumber.stepDefinition.CreateNewAccount_StepDef.user_has_launched_amazon(CreateNewAccount_StepDef.java:18)
at ✽.User has launched Amazon(file:///C:/Users/Indraja/IdeaProjects/ShoppingSite/src/test/resources/cucumber/Test.feature:4)
]]>
            </full-stacktrace>
          </exception> <!-- java.lang.NullPointerException -->
          <reporter-output>
          </reporter-output>
        </test-method> <!-- runScenario -->
        <test-method is-config="true" signature="tearDownClass()[pri:0, instance:com.csg.cucumber.runnerTest.RunnerTest@368f2016]" started-at="2020-08-10T00:30:10 IST" name="tearDownClass" finished-at="2020-08-10T00:30:10 IST" duration-ms="3" status="PASS">
          <reporter-output>
          </reporter-output>
        </test-method> <!-- tearDownClass -->
      </class> <!-- com.csg.cucumber.runnerTest.RunnerTest -->
    </test> <!-- Command line test -->
  </suite> <!-- com.csg.cucumber.runnerTest.RunnerTest -->
</testng-results>
